CMake Error at /opt/ros/dashing/share/rosidl_adapter/cmake/rosidl_adapt_interfaces.cmake:60 (message):
  execute_process(/usr/bin/python3 -m rosidl_adapter --package-name
  person_msg --arguments-file
  /home/uchida/ros2_ws/src/build/person_msg/rosidl_adapter__arguments__person_msg.json
  --output-dir
  /home/uchida/ros2_ws/src/build/person_msg/rosidl_adapter/person_msg
  --output-file
  /home/uchida/ros2_ws/src/build/person_msg/rosidl_adapter/person_msg.idls)
  returned error code 1:

  Error processing ' string name' of 'person_msg/person': 'string index out
  of range'

  Traceback (most recent call last):

    File "/usr/lib/python3.6/runpy.py", line 193, in _run_module_as_main
      "__main__", mod_spec)
    File "/usr/lib/python3.6/runpy.py", line 85, in _run_code
      exec(code, run_globals)
    File "/opt/ros/dashing/lib/python3.6/site-packages/rosidl_adapter/__main__.py", line 19, in <module>
      sys.exit(main())
    File "/opt/ros/dashing/lib/python3.6/site-packages/rosidl_adapter/main.py", line 55, in main
      pathlib.Path(relative_path), output_dir)
    File "/opt/ros/dashing/lib/python3.6/site-packages/rosidl_adapter/__init__.py", line 20, in convert_to_idl
      package_dir, package_name, interface_file, output_dir / 'msg')
    File "/opt/ros/dashing/lib/python3.6/site-packages/rosidl_adapter/msg/__init__.py", line 28, in convert_msg_to_idl
      msg = parse_message_string(package_name, input_file.stem, content)
    File "/opt/ros/dashing/lib/python3.6/site-packages/rosidl_adapter/parser.py", line 504, in parse_message_string
      Type(type_string, context_package_name=pkg_name),
    File "/opt/ros/dashing/lib/python3.6/site-packages/rosidl_adapter/parser.py", line 235, in __init__
      self.is_array = type_string[-1] == ']'

  IndexError: string index out of range

Call Stack (most recent call first):
  /opt/ros/dashing/share/rosidl_cmake/cmake/rosidl_generate_interfaces.cmake:130 (rosidl_adapt_interfaces)
  CMakeLists.txt:21 (rosidl_generate_interfaces)


