[0.357s] Invoking command in '/home/uchida/ros2_ws/src/build/person_msg': CMAKE_PREFIX_PATH=/home/uchida/ros2_ws/install/mypkg:/opt/ros/dashing /usr/bin/cmake /home/uchida/ros2_ws/src/person_msg -DCMAKE_INSTALL_PREFIX=/home/uchida/ros2_ws/src/install/person_msg
[0.385s] -- Found ament_cmake: 0.7.6 (/opt/ros/dashing/share/ament_cmake/cmake)
[0.439s] -- Using PYTHON_EXECUTABLE: /usr/bin/python3
[0.771s] -- Found rosidl_default_generators: 0.7.0 (/opt/ros/dashing/share/rosidl_default_generators/cmake)
[3.878s] -- Found rosidl_adapter: 0.7.10 (/opt/ros/dashing/share/rosidl_adapter/cmake)
[6.357s] -- Found PythonInterp: /usr/bin/python3 (found version "3.6.9") 
[6.568s] CMake Error at /opt/ros/dashing/share/rosidl_adapter/cmake/rosidl_adapt_interfaces.cmake:60 (message):
[6.568s]   execute_process(/usr/bin/python3 -m rosidl_adapter --package-name
[6.568s]   person_msg --arguments-file
[6.568s]   /home/uchida/ros2_ws/src/build/person_msg/rosidl_adapter__arguments__person_msg.json
[6.568s]   --output-dir
[6.569s]   /home/uchida/ros2_ws/src/build/person_msg/rosidl_adapter/person_msg
[6.569s]   --output-file
[6.569s]   /home/uchida/ros2_ws/src/build/person_msg/rosidl_adapter/person_msg.idls)
[6.569s]   returned error code 1:
[6.570s] 
[6.570s]   Error processing ' string name' of 'person_msg/person': 'string index out
[6.570s]   of range'
[6.570s] 
[6.570s]   Traceback (most recent call last):
[6.571s] 
[6.571s]     File "/usr/lib/python3.6/runpy.py", line 193, in _run_module_as_main
[6.571s]       "__main__", mod_spec)
[6.571s]     File "/usr/lib/python3.6/runpy.py", line 85, in _run_code
[6.571s]       exec(code, run_globals)
[6.571s]     File "/opt/ros/dashing/lib/python3.6/site-packages/rosidl_adapter/__main__.py", line 19, in <module>
[6.571s]       sys.exit(main())
[6.571s]     File "/opt/ros/dashing/lib/python3.6/site-packages/rosidl_adapter/main.py", line 55, in main
[6.571s]       pathlib.Path(relative_path), output_dir)
[6.571s]     File "/opt/ros/dashing/lib/python3.6/site-packages/rosidl_adapter/__init__.py", line 20, in convert_to_idl
[6.572s]       package_dir, package_name, interface_file, output_dir / 'msg')
[6.572s]     File "/opt/ros/dashing/lib/python3.6/site-packages/rosidl_adapter/msg/__init__.py", line 28, in convert_msg_to_idl
[6.572s]       msg = parse_message_string(package_name, input_file.stem, content)
[6.572s]     File "/opt/ros/dashing/lib/python3.6/site-packages/rosidl_adapter/parser.py", line 504, in parse_message_string
[6.572s]       Type(type_string, context_package_name=pkg_name),
[6.572s]     File "/opt/ros/dashing/lib/python3.6/site-packages/rosidl_adapter/parser.py", line 235, in __init__
[6.572s]       self.is_array = type_string[-1] == ']'
[6.572s] 
[6.572s]   IndexError: string index out of range
[6.572s] 
[6.573s] Call Stack (most recent call first):
[6.573s]   /opt/ros/dashing/share/rosidl_cmake/cmake/rosidl_generate_interfaces.cmake:130 (rosidl_adapt_interfaces)
[6.573s]   CMakeLists.txt:21 (rosidl_generate_interfaces)
[6.574s] 
[6.574s] 
[6.575s] -- Configuring incomplete, errors occurred!
[6.575s] See also "/home/uchida/ros2_ws/src/build/person_msg/CMakeFiles/CMakeOutput.log".
[6.577s] Invoked command in '/home/uchida/ros2_ws/src/build/person_msg' returned '1': CMAKE_PREFIX_PATH=/home/uchida/ros2_ws/install/mypkg:/opt/ros/dashing /usr/bin/cmake /home/uchida/ros2_ws/src/person_msg -DCMAKE_INSTALL_PREFIX=/home/uchida/ros2_ws/src/install/person_msg
