[1.119s] DEBUG:colcon:Command line arguments: ['/usr/bin/colcon', 'build']
[1.119s] DEBUG:colcon:Parsed command line arguments: Namespace(allow_overriding=[], ament_cmake_args=None, base_paths=['.'], build_base='build', catkin_cmake_args=None, catkin_skip_building_tests=False, cmake_args=None, cmake_clean_cache=False, cmake_clean_first=False, cmake_force_configure=False, cmake_target=None, cmake_target_skip_unavailable=False, continue_on_error=False, event_handlers=None, executor='parallel', ignore_user_meta=False, install_base='install', log_base=None, log_level=None, main=<bound method BuildVerb.main of <colcon_core.verb.build.BuildVerb object at 0x7f93da4e99e8>>, merge_install=False, metas=['./colcon.meta'], packages_above=None, packages_above_and_dependencies=None, packages_above_depth=None, packages_end=None, packages_ignore=None, packages_ignore_regex=None, packages_select=None, packages_select_build_failed=False, packages_select_by_dep=None, packages_select_regex=None, packages_select_test_failures=False, packages_skip=None, packages_skip_build_finished=False, packages_skip_by_dep=None, packages_skip_regex=None, packages_skip_test_passed=False, packages_skip_up_to=None, packages_start=None, packages_up_to=None, packages_up_to_regex=None, parallel_workers=8, paths=None, symlink_install=False, test_result_base=None, verb_extension=<colcon_core.verb.build.BuildVerb object at 0x7f93da4e99e8>, verb_name='build', verb_parser=<colcon_defaults.argument_parser.defaults.DefaultArgumentsDecorator object at 0x7f93da4e9d30>)
[1.296s] Level 1:colcon.colcon_core.package_discovery:discover_packages(colcon_meta) check parameters
[1.297s] Level 1:colcon.colcon_core.package_discovery:discover_packages(recursive) check parameters
[1.297s] Level 1:colcon.colcon_core.package_discovery:discover_packages(ignore) check parameters
[1.297s] Level 1:colcon.colcon_core.package_discovery:discover_packages(path) check parameters
[1.297s] Level 1:colcon.colcon_core.package_discovery:discover_packages(colcon_meta) discover
[1.298s] Level 1:colcon.colcon_core.package_discovery:discover_packages(recursive) discover
[1.298s] INFO:colcon.colcon_core.package_discovery:Crawling recursively for packages in '/home/uchida/ros2_ws/src'
[1.298s] Level 1:colcon.colcon_core.package_identification:_identify(.) by extensions ['ignore', 'ignore_ament_install']
[1.299s] Level 1:colcon.colcon_core.package_identification:_identify(.) by extension 'ignore'
[1.299s] Level 1:colcon.colcon_core.package_identification:_identify(.) by extension 'ignore_ament_install'
[1.299s] Level 1:colcon.colcon_core.package_identification:_identify(.) by extensions ['colcon_pkg']
[1.300s] Level 1:colcon.colcon_core.package_identification:_identify(.) by extension 'colcon_pkg'
[1.300s] Level 1:colcon.colcon_core.package_identification:_identify(.) by extensions ['colcon_meta']
[1.300s] Level 1:colcon.colcon_core.package_identification:_identify(.) by extension 'colcon_meta'
[1.300s] Level 1:colcon.colcon_core.package_identification:_identify(.) by extensions ['ros']
[1.300s] Level 1:colcon.colcon_core.package_identification:_identify(.) by extension 'ros'
[1.375s] Level 1:colcon.colcon_core.package_identification:_identify(.) by extensions ['cmake', 'python']
[1.376s] Level 1:colcon.colcon_core.package_identification:_identify(.) by extension 'cmake'
[1.376s] Level 1:colcon.colcon_core.package_identification:_identify(.) by extension 'python'
[1.376s] Level 1:colcon.colcon_core.package_identification:_identify(.) by extensions ['python_setup_py']
[1.377s] Level 1:colcon.colcon_core.package_identification:_identify(.) by extension 'python_setup_py'
[1.377s] Level 1:colcon.colcon_core.package_identification:_identify(ROS2) by extensions ['ignore', 'ignore_ament_install']
[1.377s] Level 1:colcon.colcon_core.package_identification:_identify(ROS2) by extension 'ignore'
[1.378s] Level 1:colcon.colcon_core.package_identification:_identify(ROS2) by extension 'ignore_ament_install'
[1.378s] Level 1:colcon.colcon_core.package_identification:_identify(ROS2) by extensions ['colcon_pkg']
[1.378s] Level 1:colcon.colcon_core.package_identification:_identify(ROS2) by extension 'colcon_pkg'
[1.378s] Level 1:colcon.colcon_core.package_identification:_identify(ROS2) by extensions ['colcon_meta']
[1.378s] Level 1:colcon.colcon_core.package_identification:_identify(ROS2) by extension 'colcon_meta'
[1.378s] Level 1:colcon.colcon_core.package_identification:_identify(ROS2) by extensions ['ros']
[1.379s] Level 1:colcon.colcon_core.package_identification:_identify(ROS2) by extension 'ros'
[1.379s] Level 1:colcon.colcon_core.package_identification:_identify(ROS2) by extensions ['cmake', 'python']
[1.379s] Level 1:colcon.colcon_core.package_identification:_identify(ROS2) by extension 'cmake'
[1.379s] Level 1:colcon.colcon_core.package_identification:_identify(ROS2) by extension 'python'
[1.379s] Level 1:colcon.colcon_core.package_identification:_identify(ROS2) by extensions ['python_setup_py']
[1.379s] Level 1:colcon.colcon_core.package_identification:_identify(ROS2) by extension 'python_setup_py'
[1.380s] Level 1:colcon.colcon_core.package_identification:_identify(ROS2/mypkg) by extensions ['ignore', 'ignore_ament_install']
[1.380s] Level 1:colcon.colcon_core.package_identification:_identify(ROS2/mypkg) by extension 'ignore'
[1.380s] Level 1:colcon.colcon_core.package_identification:_identify(ROS2/mypkg) by extension 'ignore_ament_install'
[1.381s] Level 1:colcon.colcon_core.package_identification:_identify(ROS2/mypkg) by extensions ['colcon_pkg']
[1.381s] Level 1:colcon.colcon_core.package_identification:_identify(ROS2/mypkg) by extension 'colcon_pkg'
[1.381s] Level 1:colcon.colcon_core.package_identification:_identify(ROS2/mypkg) by extensions ['colcon_meta']
[1.381s] Level 1:colcon.colcon_core.package_identification:_identify(ROS2/mypkg) by extension 'colcon_meta'
[1.381s] Level 1:colcon.colcon_core.package_identification:_identify(ROS2/mypkg) by extensions ['ros']
[1.381s] Level 1:colcon.colcon_core.package_identification:_identify(ROS2/mypkg) by extension 'ros'
[1.395s] DEBUG:colcon.colcon_core.package_identification:Package 'ROS2/mypkg' with type 'ros.ament_python' and name 'mypkg'
[1.395s] Level 1:colcon.colcon_core.package_identification:_identify(build) by extensions ['ignore', 'ignore_ament_install']
[1.396s] Level 1:colcon.colcon_core.package_identification:_identify(build) by extension 'ignore'
[1.396s] Level 1:colcon.colcon_core.package_identification:_identify(build) ignored
[1.397s] Level 1:colcon.colcon_core.package_identification:_identify(install) by extensions ['ignore', 'ignore_ament_install']
[1.397s] Level 1:colcon.colcon_core.package_identification:_identify(install) by extension 'ignore'
[1.397s] Level 1:colcon.colcon_core.package_identification:_identify(install) ignored
[1.398s] Level 1:colcon.colcon_core.package_identification:_identify(log) by extensions ['ignore', 'ignore_ament_install']
[1.398s] Level 1:colcon.colcon_core.package_identification:_identify(log) by extension 'ignore'
[1.398s] Level 1:colcon.colcon_core.package_identification:_identify(log) ignored
[1.399s] Level 1:colcon.colcon_core.package_identification:_identify(person_msg) by extensions ['ignore', 'ignore_ament_install']
[1.399s] Level 1:colcon.colcon_core.package_identification:_identify(person_msg) by extension 'ignore'
[1.399s] Level 1:colcon.colcon_core.package_identification:_identify(person_msg) by extension 'ignore_ament_install'
[1.399s] Level 1:colcon.colcon_core.package_identification:_identify(person_msg) by extensions ['colcon_pkg']
[1.399s] Level 1:colcon.colcon_core.package_identification:_identify(person_msg) by extension 'colcon_pkg'
[1.400s] Level 1:colcon.colcon_core.package_identification:_identify(person_msg) by extensions ['colcon_meta']
[1.400s] Level 1:colcon.colcon_core.package_identification:_identify(person_msg) by extension 'colcon_meta'
[1.400s] Level 1:colcon.colcon_core.package_identification:_identify(person_msg) by extensions ['ros']
[1.400s] Level 1:colcon.colcon_core.package_identification:_identify(person_msg) by extension 'ros'
[1.404s] DEBUG:colcon.colcon_core.package_identification:Package 'person_msg' with type 'ros.ament_cmake' and name 'person_msg'
[1.404s] Level 1:colcon.colcon_core.package_discovery:discover_packages(recursive) using defaults
[1.405s] Level 1:colcon.colcon_core.package_discovery:discover_packages(ignore) discover
[1.405s] Level 1:colcon.colcon_core.package_discovery:discover_packages(ignore) using defaults
[1.405s] Level 1:colcon.colcon_core.package_discovery:discover_packages(path) discover
[1.405s] Level 1:colcon.colcon_core.package_discovery:discover_packages(path) using defaults
[1.522s] Level 1:colcon.colcon_core.package_discovery:discover_packages(prefix_path) check parameters
[1.522s] Level 1:colcon.colcon_core.package_discovery:discover_packages(prefix_path) discover
[1.542s] DEBUG:colcon.colcon_installed_package_information.package_discovery:Found 3 installed packages in /home/uchida/ros2_ws/install
[1.547s] DEBUG:colcon.colcon_installed_package_information.package_discovery:Found 215 installed packages in /opt/ros/dashing
[1.552s] Level 1:colcon.colcon_core.package_discovery:discover_packages(prefix_path) using defaults
[1.794s] Level 5:colcon.colcon_core.verb:set package 'mypkg' build argument 'cmake_args' from command line to 'None'
[1.794s] Level 5:colcon.colcon_core.verb:set package 'mypkg' build argument 'cmake_target' from command line to 'None'
[1.795s] Level 5:colcon.colcon_core.verb:set package 'mypkg' build argument 'cmake_target_skip_unavailable' from command line to 'False'
[1.795s] Level 5:colcon.colcon_core.verb:set package 'mypkg' build argument 'cmake_clean_cache' from command line to 'False'
[1.795s] Level 5:colcon.colcon_core.verb:set package 'mypkg' build argument 'cmake_clean_first' from command line to 'False'
[1.795s] Level 5:colcon.colcon_core.verb:set package 'mypkg' build argument 'cmake_force_configure' from command line to 'False'
[1.795s] Level 5:colcon.colcon_core.verb:set package 'mypkg' build argument 'ament_cmake_args' from command line to 'None'
[1.795s] Level 5:colcon.colcon_core.verb:set package 'mypkg' build argument 'catkin_cmake_args' from command line to 'None'
[1.795s] Level 5:colcon.colcon_core.verb:set package 'mypkg' build argument 'catkin_skip_building_tests' from command line to 'False'
[1.795s] DEBUG:colcon.colcon_core.verb:Building package 'mypkg' with the following arguments: {'ament_cmake_args': None, 'build_base': '/home/uchida/ros2_ws/src/build/mypkg', 'catkin_cmake_args': None, 'catkin_skip_building_tests': False, 'cmake_args': None, 'cmake_clean_cache': False, 'cmake_clean_first': False, 'cmake_force_configure': False, 'cmake_target': None, 'cmake_target_skip_unavailable': False, 'install_base': '/home/uchida/ros2_ws/src/install/mypkg', 'merge_install': False, 'path': '/home/uchida/ros2_ws/src/ROS2/mypkg', 'symlink_install': False, 'test_result_base': None}
[1.798s] Level 5:colcon.colcon_core.verb:set package 'person_msg' build argument 'cmake_args' from command line to 'None'
[1.798s] Level 5:colcon.colcon_core.verb:set package 'person_msg' build argument 'cmake_target' from command line to 'None'
[1.798s] Level 5:colcon.colcon_core.verb:set package 'person_msg' build argument 'cmake_target_skip_unavailable' from command line to 'False'
[1.799s] Level 5:colcon.colcon_core.verb:set package 'person_msg' build argument 'cmake_clean_cache' from command line to 'False'
[1.799s] Level 5:colcon.colcon_core.verb:set package 'person_msg' build argument 'cmake_clean_first' from command line to 'False'
[1.799s] Level 5:colcon.colcon_core.verb:set package 'person_msg' build argument 'cmake_force_configure' from command line to 'False'
[1.799s] Level 5:colcon.colcon_core.verb:set package 'person_msg' build argument 'ament_cmake_args' from command line to 'None'
[1.799s] Level 5:colcon.colcon_core.verb:set package 'person_msg' build argument 'catkin_cmake_args' from command line to 'None'
[1.799s] Level 5:colcon.colcon_core.verb:set package 'person_msg' build argument 'catkin_skip_building_tests' from command line to 'False'
[1.799s] DEBUG:colcon.colcon_core.verb:Building package 'person_msg' with the following arguments: {'ament_cmake_args': None, 'build_base': '/home/uchida/ros2_ws/src/build/person_msg', 'catkin_cmake_args': None, 'catkin_skip_building_tests': False, 'cmake_args': None, 'cmake_clean_cache': False, 'cmake_clean_first': False, 'cmake_force_configure': False, 'cmake_target': None, 'cmake_target_skip_unavailable': False, 'install_base': '/home/uchida/ros2_ws/src/install/person_msg', 'merge_install': False, 'path': '/home/uchida/ros2_ws/src/person_msg', 'symlink_install': False, 'test_result_base': None}
[1.801s] INFO:colcon.colcon_core.executor:Executing jobs using 'parallel' executor
[1.815s] DEBUG:colcon.colcon_parallel_executor.executor.parallel:run_until_complete
[1.816s] INFO:colcon.colcon_ros.task.ament_python.build:Building ROS package in '/home/uchida/ros2_ws/src/ROS2/mypkg' with build type 'ament_python'
[1.816s] Level 1:colcon.colcon_core.shell:create_environment_hook('mypkg', 'ament_prefix_path')
[1.849s] INFO:colcon.colcon_core.plugin_system:Skipping extension 'colcon_core.shell.bat': Not used on non-Windows systems
[1.850s] INFO:colcon.colcon_core.shell:Creating environment hook '/home/uchida/ros2_ws/src/install/mypkg/share/mypkg/hook/ament_prefix_path.ps1'
[1.854s] INFO:colcon.colcon_core.shell:Creating environment descriptor '/home/uchida/ros2_ws/src/install/mypkg/share/mypkg/hook/ament_prefix_path.dsv'
[1.857s] INFO:colcon.colcon_core.shell:Creating environment hook '/home/uchida/ros2_ws/src/install/mypkg/share/mypkg/hook/ament_prefix_path.sh'
[1.863s] INFO:colcon.colcon_core.shell:Skip shell extension 'powershell' for command environment: Not usable outside of PowerShell
[1.863s] DEBUG:colcon.colcon_core.shell:Skip shell extension 'dsv' for command environment
[1.878s] INFO:colcon.colcon_ros.task.ament_cmake.build:Building ROS package in '/home/uchida/ros2_ws/src/person_msg' with build type 'ament_cmake'
[1.879s] INFO:colcon.colcon_cmake.task.cmake.build:Building CMake package in '/home/uchida/ros2_ws/src/person_msg'
[1.884s] INFO:colcon.colcon_core.shell:Skip shell extension 'powershell' for command environment: Not usable outside of PowerShell
[1.884s] DEBUG:colcon.colcon_core.shell:Skip shell extension 'dsv' for command environment
[2.396s] INFO:colcon.colcon_core.task.python.build:Building Python package in '/home/uchida/ros2_ws/src/ROS2/mypkg'
[2.399s] INFO:colcon.colcon_core.shell:Skip shell extension 'powershell' for command environment: Not usable outside of PowerShell
[2.399s] DEBUG:colcon.colcon_core.shell:Skip shell extension 'dsv' for command environment
[2.411s] DEBUG:colcon.colcon_core.event_handler.log_command:Invoking command in '/home/uchida/ros2_ws/src/build/person_msg': CMAKE_PREFIX_PATH=/home/uchida/ros2_ws/install/mypkg:/opt/ros/dashing /usr/bin/cmake /home/uchida/ros2_ws/src/person_msg -DCMAKE_INSTALL_PREFIX=/home/uchida/ros2_ws/src/install/person_msg
[3.008s] DEBUG:colcon.colcon_core.event_handler.log_command:Invoking command in '/home/uchida/ros2_ws/src/ROS2/mypkg': PYTHONPATH=/home/uchida/ros2_ws/src/install/mypkg/lib/python3.6/site-packages:${PYTHONPATH} /usr/bin/python3 setup.py egg_info --egg-base ../../build/mypkg build --build-base /home/uchida/ros2_ws/src/build/mypkg/build install --prefix /home/uchida/ros2_ws/src/install/mypkg --record /home/uchida/ros2_ws/src/build/mypkg/install.log --single-version-externally-managed
[3.537s] DEBUG:colcon.colcon_core.event_handler.log_command:Invoked command in '/home/uchida/ros2_ws/src/ROS2/mypkg' returned '0': PYTHONPATH=/home/uchida/ros2_ws/src/install/mypkg/lib/python3.6/site-packages:${PYTHONPATH} /usr/bin/python3 setup.py egg_info --egg-base ../../build/mypkg build --build-base /home/uchida/ros2_ws/src/build/mypkg/build install --prefix /home/uchida/ros2_ws/src/install/mypkg --record /home/uchida/ros2_ws/src/build/mypkg/install.log --single-version-externally-managed
[3.576s] Level 1:colcon.colcon_core.environment:checking '/home/uchida/ros2_ws/src/install/mypkg' for CMake module files
[3.578s] Level 1:colcon.colcon_core.environment:checking '/home/uchida/ros2_ws/src/install/mypkg' for CMake config files
[3.581s] Level 1:colcon.colcon_core.environment:checking '/home/uchida/ros2_ws/src/install/mypkg/lib'
[3.582s] Level 1:colcon.colcon_core.environment:checking '/home/uchida/ros2_ws/src/install/mypkg/bin'
[3.582s] Level 1:colcon.colcon_core.environment:checking '/home/uchida/ros2_ws/src/install/mypkg/lib/pkgconfig/mypkg.pc'
[3.583s] Level 1:colcon.colcon_core.environment:checking '/home/uchida/ros2_ws/src/install/mypkg/lib/python3.6/site-packages'
[3.583s] Level 1:colcon.colcon_core.shell:create_environment_hook('mypkg', 'pythonpath')
[3.588s] INFO:colcon.colcon_core.shell:Creating environment hook '/home/uchida/ros2_ws/src/install/mypkg/share/mypkg/hook/pythonpath.ps1'
[3.590s] INFO:colcon.colcon_core.shell:Creating environment descriptor '/home/uchida/ros2_ws/src/install/mypkg/share/mypkg/hook/pythonpath.dsv'
[3.591s] INFO:colcon.colcon_core.shell:Creating environment hook '/home/uchida/ros2_ws/src/install/mypkg/share/mypkg/hook/pythonpath.sh'
[3.592s] Level 1:colcon.colcon_core.environment:checking '/home/uchida/ros2_ws/src/install/mypkg/bin'
[3.592s] Level 1:colcon.colcon_core.environment:create_environment_scripts_only(mypkg)
[3.596s] INFO:colcon.colcon_core.shell:Creating package script '/home/uchida/ros2_ws/src/install/mypkg/share/mypkg/package.ps1'
[3.601s] INFO:colcon.colcon_core.shell:Creating package descriptor '/home/uchida/ros2_ws/src/install/mypkg/share/mypkg/package.dsv'
[3.604s] INFO:colcon.colcon_core.shell:Creating package script '/home/uchida/ros2_ws/src/install/mypkg/share/mypkg/package.sh'
[3.607s] INFO:colcon.colcon_core.shell:Creating package script '/home/uchida/ros2_ws/src/install/mypkg/share/mypkg/package.bash'
[3.612s] INFO:colcon.colcon_core.shell:Creating package script '/home/uchida/ros2_ws/src/install/mypkg/share/mypkg/package.zsh'
[3.616s] Level 1:colcon.colcon_core.environment:create_file_with_runtime_dependencies(/home/uchida/ros2_ws/src/install/mypkg/share/colcon-core/packages/mypkg)
[24.240s] DEBUG:colcon.colcon_core.event_handler.log_command:Invoked command in '/home/uchida/ros2_ws/src/build/person_msg' returned '1': CMAKE_PREFIX_PATH=/home/uchida/ros2_ws/install/mypkg:/opt/ros/dashing /usr/bin/cmake /home/uchida/ros2_ws/src/person_msg -DCMAKE_INSTALL_PREFIX=/home/uchida/ros2_ws/src/install/person_msg
[24.255s] Level 1:colcon.colcon_core.environment:create_environment_scripts_only(person_msg)
[24.258s] Level 1:colcon.colcon_core.environment:checking '/home/uchida/ros2_ws/src/install/person_msg' for CMake module files
[24.259s] Level 1:colcon.colcon_core.environment:checking '/home/uchida/ros2_ws/src/install/person_msg' for CMake config files
[24.260s] Level 1:colcon.colcon_core.environment:checking '/home/uchida/ros2_ws/src/install/person_msg/bin'
[24.260s] Level 1:colcon.colcon_core.environment:checking '/home/uchida/ros2_ws/src/install/person_msg/lib/pkgconfig/person_msg.pc'
[24.260s] Level 1:colcon.colcon_core.environment:checking '/home/uchida/ros2_ws/src/install/person_msg/lib/python3.6/site-packages'
[24.260s] Level 1:colcon.colcon_core.environment:checking '/home/uchida/ros2_ws/src/install/person_msg/bin'
[24.262s] INFO:colcon.colcon_core.shell:Creating package script '/home/uchida/ros2_ws/src/install/person_msg/share/person_msg/package.ps1'
[24.263s] INFO:colcon.colcon_core.shell:Creating package descriptor '/home/uchida/ros2_ws/src/install/person_msg/share/person_msg/package.dsv'
[24.263s] INFO:colcon.colcon_core.shell:Creating package script '/home/uchida/ros2_ws/src/install/person_msg/share/person_msg/package.sh'
[24.264s] INFO:colcon.colcon_core.shell:Creating package script '/home/uchida/ros2_ws/src/install/person_msg/share/person_msg/package.bash'
[24.264s] INFO:colcon.colcon_core.shell:Creating package script '/home/uchida/ros2_ws/src/install/person_msg/share/person_msg/package.zsh'
[24.265s] Level 1:colcon.colcon_core.environment:create_file_with_runtime_dependencies(/home/uchida/ros2_ws/src/install/person_msg/share/colcon-core/packages/person_msg)
[24.276s] DEBUG:colcon.colcon_parallel_executor.executor.parallel:closing loop
[24.277s] DEBUG:colcon.colcon_parallel_executor.executor.parallel:loop closed
[24.277s] DEBUG:colcon.colcon_parallel_executor.executor.parallel:run_until_complete finished with '1'
[24.277s] DEBUG:colcon.colcon_core.event_reactor:joining thread
[24.350s] INFO:colcon.colcon_core.plugin_system:Skipping extension 'colcon_notification.desktop_notification.notify_send': Could not find 'notify-send'
[24.350s] INFO:colcon.colcon_core.plugin_system:Skipping extension 'colcon_notification.desktop_notification.terminal_notifier': Not used on non-Darwin systems
[24.351s] INFO:colcon.colcon_core.plugin_system:Skipping extension 'colcon_notification.desktop_notification.win32': Not used on non-Windows systems
[24.351s] INFO:colcon.colcon_notification.desktop_notification:Sending desktop notification using 'notify2'
[24.456s] DEBUG:colcon.colcon_notification.desktop_notification.notify2:Failed to initialize notify2: org.freedesktop.DBus.Error.ServiceUnknown: The name org.freedesktop.Notifications was not provided by any .service files
[24.458s] DEBUG:colcon.colcon_core.event_reactor:joined thread
[24.464s] INFO:colcon.colcon_core.shell:Creating prefix script '/home/uchida/ros2_ws/src/install/local_setup.ps1'
[24.470s] INFO:colcon.colcon_core.shell:Creating prefix util module '/home/uchida/ros2_ws/src/install/_local_setup_util_ps1.py'
[24.477s] INFO:colcon.colcon_core.shell:Creating prefix chain script '/home/uchida/ros2_ws/src/install/setup.ps1'
[24.485s] INFO:colcon.colcon_core.shell:Creating prefix script '/home/uchida/ros2_ws/src/install/local_setup.sh'
[24.489s] INFO:colcon.colcon_core.shell:Creating prefix util module '/home/uchida/ros2_ws/src/install/_local_setup_util_sh.py'
[24.491s] INFO:colcon.colcon_core.shell:Creating prefix chain script '/home/uchida/ros2_ws/src/install/setup.sh'
[24.497s] INFO:colcon.colcon_core.shell:Creating prefix script '/home/uchida/ros2_ws/src/install/local_setup.bash'
[24.501s] INFO:colcon.colcon_core.shell:Creating prefix chain script '/home/uchida/ros2_ws/src/install/setup.bash'
[24.507s] INFO:colcon.colcon_core.shell:Creating prefix script '/home/uchida/ros2_ws/src/install/local_setup.zsh'
[24.510s] INFO:colcon.colcon_core.shell:Creating prefix chain script '/home/uchida/ros2_ws/src/install/setup.zsh'
