[0.709s] DEBUG:colcon:Command line arguments: ['/usr/bin/colcon', 'build']
[0.710s] DEBUG:colcon:Parsed command line arguments: Namespace(allow_overriding=[], ament_cmake_args=None, base_paths=['.'], build_base='build', catkin_cmake_args=None, catkin_skip_building_tests=False, cmake_args=None, cmake_clean_cache=False, cmake_clean_first=False, cmake_force_configure=False, cmake_target=None, cmake_target_skip_unavailable=False, continue_on_error=False, event_handlers=None, executor='parallel', ignore_user_meta=False, install_base='install', log_base=None, log_level=None, main=<bound method BuildVerb.main of <colcon_core.verb.build.BuildVerb object at 0x7fc2cd33d9b0>>, merge_install=False, metas=['./colcon.meta'], packages_above=None, packages_above_and_dependencies=None, packages_above_depth=None, packages_end=None, packages_ignore=None, packages_ignore_regex=None, packages_select=None, packages_select_build_failed=False, packages_select_by_dep=None, packages_select_regex=None, packages_select_test_failures=False, packages_skip=None, packages_skip_build_finished=False, packages_skip_by_dep=None, packages_skip_regex=None, packages_skip_test_passed=False, packages_skip_up_to=None, packages_start=None, packages_up_to=None, packages_up_to_regex=None, parallel_workers=8, paths=None, symlink_install=False, test_result_base=None, verb_extension=<colcon_core.verb.build.BuildVerb object at 0x7fc2cd33d9b0>, verb_name='build', verb_parser=<colcon_defaults.argument_parser.defaults.DefaultArgumentsDecorator object at 0x7fc2cd33dcf8>)
[0.753s] Level 1:colcon.colcon_core.package_discovery:discover_packages(colcon_meta) check parameters
[0.753s] Level 1:colcon.colcon_core.package_discovery:discover_packages(recursive) check parameters
[0.753s] Level 1:colcon.colcon_core.package_discovery:discover_packages(ignore) check parameters
[0.754s] Level 1:colcon.colcon_core.package_discovery:discover_packages(path) check parameters
[0.754s] Level 1:colcon.colcon_core.package_discovery:discover_packages(colcon_meta) discover
[0.754s] Level 1:colcon.colcon_core.package_discovery:discover_packages(recursive) discover
[0.754s] INFO:colcon.colcon_core.package_discovery:Crawling recursively for packages in '/home/uchida/ros2_ws/src'
[0.754s] Level 1:colcon.colcon_core.package_identification:_identify(.) by extensions ['ignore', 'ignore_ament_install']
[0.755s] Level 1:colcon.colcon_core.package_identification:_identify(.) by extension 'ignore'
[0.755s] Level 1:colcon.colcon_core.package_identification:_identify(.) by extension 'ignore_ament_install'
[0.755s] Level 1:colcon.colcon_core.package_identification:_identify(.) by extensions ['colcon_pkg']
[0.755s] Level 1:colcon.colcon_core.package_identification:_identify(.) by extension 'colcon_pkg'
[0.755s] Level 1:colcon.colcon_core.package_identification:_identify(.) by extensions ['colcon_meta']
[0.755s] Level 1:colcon.colcon_core.package_identification:_identify(.) by extension 'colcon_meta'
[0.755s] Level 1:colcon.colcon_core.package_identification:_identify(.) by extensions ['ros']
[0.755s] Level 1:colcon.colcon_core.package_identification:_identify(.) by extension 'ros'
[0.790s] Level 1:colcon.colcon_core.package_identification:_identify(.) by extensions ['cmake', 'python']
[0.791s] Level 1:colcon.colcon_core.package_identification:_identify(.) by extension 'cmake'
[0.791s] Level 1:colcon.colcon_core.package_identification:_identify(.) by extension 'python'
[0.791s] Level 1:colcon.colcon_core.package_identification:_identify(.) by extensions ['python_setup_py']
[0.791s] Level 1:colcon.colcon_core.package_identification:_identify(.) by extension 'python_setup_py'
[0.791s] Level 1:colcon.colcon_core.package_identification:_identify(ROS2) by extensions ['ignore', 'ignore_ament_install']
[0.791s] Level 1:colcon.colcon_core.package_identification:_identify(ROS2) by extension 'ignore'
[0.792s] Level 1:colcon.colcon_core.package_identification:_identify(ROS2) by extension 'ignore_ament_install'
[0.792s] Level 1:colcon.colcon_core.package_identification:_identify(ROS2) by extensions ['colcon_pkg']
[0.792s] Level 1:colcon.colcon_core.package_identification:_identify(ROS2) by extension 'colcon_pkg'
[0.792s] Level 1:colcon.colcon_core.package_identification:_identify(ROS2) by extensions ['colcon_meta']
[0.792s] Level 1:colcon.colcon_core.package_identification:_identify(ROS2) by extension 'colcon_meta'
[0.792s] Level 1:colcon.colcon_core.package_identification:_identify(ROS2) by extensions ['ros']
[0.792s] Level 1:colcon.colcon_core.package_identification:_identify(ROS2) by extension 'ros'
[0.792s] Level 1:colcon.colcon_core.package_identification:_identify(ROS2) by extensions ['cmake', 'python']
[0.792s] Level 1:colcon.colcon_core.package_identification:_identify(ROS2) by extension 'cmake'
[0.792s] Level 1:colcon.colcon_core.package_identification:_identify(ROS2) by extension 'python'
[0.793s] Level 1:colcon.colcon_core.package_identification:_identify(ROS2) by extensions ['python_setup_py']
[0.793s] Level 1:colcon.colcon_core.package_identification:_identify(ROS2) by extension 'python_setup_py'
[0.793s] Level 1:colcon.colcon_core.package_identification:_identify(ROS2/mypkg) by extensions ['ignore', 'ignore_ament_install']
[0.793s] Level 1:colcon.colcon_core.package_identification:_identify(ROS2/mypkg) by extension 'ignore'
[0.793s] Level 1:colcon.colcon_core.package_identification:_identify(ROS2/mypkg) by extension 'ignore_ament_install'
[0.793s] Level 1:colcon.colcon_core.package_identification:_identify(ROS2/mypkg) by extensions ['colcon_pkg']
[0.793s] Level 1:colcon.colcon_core.package_identification:_identify(ROS2/mypkg) by extension 'colcon_pkg'
[0.793s] Level 1:colcon.colcon_core.package_identification:_identify(ROS2/mypkg) by extensions ['colcon_meta']
[0.793s] Level 1:colcon.colcon_core.package_identification:_identify(ROS2/mypkg) by extension 'colcon_meta'
[0.794s] Level 1:colcon.colcon_core.package_identification:_identify(ROS2/mypkg) by extensions ['ros']
[0.794s] Level 1:colcon.colcon_core.package_identification:_identify(ROS2/mypkg) by extension 'ros'
[0.798s] DEBUG:colcon.colcon_core.package_identification:Package 'ROS2/mypkg' with type 'ros.ament_python' and name 'mypkg'
[0.798s] Level 1:colcon.colcon_core.package_identification:_identify(build) by extensions ['ignore', 'ignore_ament_install']
[0.799s] Level 1:colcon.colcon_core.package_identification:_identify(build) by extension 'ignore'
[0.799s] Level 1:colcon.colcon_core.package_identification:_identify(build) ignored
[0.799s] Level 1:colcon.colcon_core.package_identification:_identify(install) by extensions ['ignore', 'ignore_ament_install']
[0.799s] Level 1:colcon.colcon_core.package_identification:_identify(install) by extension 'ignore'
[0.800s] Level 1:colcon.colcon_core.package_identification:_identify(install) ignored
[0.800s] Level 1:colcon.colcon_core.package_identification:_identify(log) by extensions ['ignore', 'ignore_ament_install']
[0.800s] Level 1:colcon.colcon_core.package_identification:_identify(log) by extension 'ignore'
[0.800s] Level 1:colcon.colcon_core.package_identification:_identify(log) ignored
[0.800s] Level 1:colcon.colcon_core.package_identification:_identify(person_msg) by extensions ['ignore', 'ignore_ament_install']
[0.800s] Level 1:colcon.colcon_core.package_identification:_identify(person_msg) by extension 'ignore'
[0.801s] Level 1:colcon.colcon_core.package_identification:_identify(person_msg) by extension 'ignore_ament_install'
[0.801s] Level 1:colcon.colcon_core.package_identification:_identify(person_msg) by extensions ['colcon_pkg']
[0.801s] Level 1:colcon.colcon_core.package_identification:_identify(person_msg) by extension 'colcon_pkg'
[0.801s] Level 1:colcon.colcon_core.package_identification:_identify(person_msg) by extensions ['colcon_meta']
[0.801s] Level 1:colcon.colcon_core.package_identification:_identify(person_msg) by extension 'colcon_meta'
[0.801s] Level 1:colcon.colcon_core.package_identification:_identify(person_msg) by extensions ['ros']
[0.801s] Level 1:colcon.colcon_core.package_identification:_identify(person_msg) by extension 'ros'
[0.802s] DEBUG:colcon.colcon_core.package_identification:Package 'person_msg' with type 'ros.ament_cmake' and name 'person_msg'
[0.802s] Level 1:colcon.colcon_core.package_discovery:discover_packages(recursive) using defaults
[0.803s] Level 1:colcon.colcon_core.package_discovery:discover_packages(ignore) discover
[0.803s] Level 1:colcon.colcon_core.package_discovery:discover_packages(ignore) using defaults
[0.803s] Level 1:colcon.colcon_core.package_discovery:discover_packages(path) discover
[0.803s] Level 1:colcon.colcon_core.package_discovery:discover_packages(path) using defaults
[0.850s] Level 1:colcon.colcon_core.package_discovery:discover_packages(prefix_path) check parameters
[0.850s] Level 1:colcon.colcon_core.package_discovery:discover_packages(prefix_path) discover
[0.856s] DEBUG:colcon.colcon_installed_package_information.package_discovery:Found 3 installed packages in /home/uchida/ros2_ws/install
[0.859s] DEBUG:colcon.colcon_installed_package_information.package_discovery:Found 215 installed packages in /opt/ros/dashing
[0.862s] Level 1:colcon.colcon_core.package_discovery:discover_packages(prefix_path) using defaults
[0.990s] Level 5:colcon.colcon_core.verb:set package 'mypkg' build argument 'cmake_args' from command line to 'None'
[0.990s] Level 5:colcon.colcon_core.verb:set package 'mypkg' build argument 'cmake_target' from command line to 'None'
[0.990s] Level 5:colcon.colcon_core.verb:set package 'mypkg' build argument 'cmake_target_skip_unavailable' from command line to 'False'
[0.990s] Level 5:colcon.colcon_core.verb:set package 'mypkg' build argument 'cmake_clean_cache' from command line to 'False'
[0.990s] Level 5:colcon.colcon_core.verb:set package 'mypkg' build argument 'cmake_clean_first' from command line to 'False'
[0.990s] Level 5:colcon.colcon_core.verb:set package 'mypkg' build argument 'cmake_force_configure' from command line to 'False'
[0.990s] Level 5:colcon.colcon_core.verb:set package 'mypkg' build argument 'ament_cmake_args' from command line to 'None'
[0.990s] Level 5:colcon.colcon_core.verb:set package 'mypkg' build argument 'catkin_cmake_args' from command line to 'None'
[0.991s] Level 5:colcon.colcon_core.verb:set package 'mypkg' build argument 'catkin_skip_building_tests' from command line to 'False'
[0.991s] DEBUG:colcon.colcon_core.verb:Building package 'mypkg' with the following arguments: {'ament_cmake_args': None, 'build_base': '/home/uchida/ros2_ws/src/build/mypkg', 'catkin_cmake_args': None, 'catkin_skip_building_tests': False, 'cmake_args': None, 'cmake_clean_cache': False, 'cmake_clean_first': False, 'cmake_force_configure': False, 'cmake_target': None, 'cmake_target_skip_unavailable': False, 'install_base': '/home/uchida/ros2_ws/src/install/mypkg', 'merge_install': False, 'path': '/home/uchida/ros2_ws/src/ROS2/mypkg', 'symlink_install': False, 'test_result_base': None}
[0.993s] Level 5:colcon.colcon_core.verb:set package 'person_msg' build argument 'cmake_args' from command line to 'None'
[0.993s] Level 5:colcon.colcon_core.verb:set package 'person_msg' build argument 'cmake_target' from command line to 'None'
[0.993s] Level 5:colcon.colcon_core.verb:set package 'person_msg' build argument 'cmake_target_skip_unavailable' from command line to 'False'
[0.993s] Level 5:colcon.colcon_core.verb:set package 'person_msg' build argument 'cmake_clean_cache' from command line to 'False'
[0.993s] Level 5:colcon.colcon_core.verb:set package 'person_msg' build argument 'cmake_clean_first' from command line to 'False'
[0.993s] Level 5:colcon.colcon_core.verb:set package 'person_msg' build argument 'cmake_force_configure' from command line to 'False'
[0.993s] Level 5:colcon.colcon_core.verb:set package 'person_msg' build argument 'ament_cmake_args' from command line to 'None'
[0.993s] Level 5:colcon.colcon_core.verb:set package 'person_msg' build argument 'catkin_cmake_args' from command line to 'None'
[0.993s] Level 5:colcon.colcon_core.verb:set package 'person_msg' build argument 'catkin_skip_building_tests' from command line to 'False'
[0.993s] DEBUG:colcon.colcon_core.verb:Building package 'person_msg' with the following arguments: {'ament_cmake_args': None, 'build_base': '/home/uchida/ros2_ws/src/build/person_msg', 'catkin_cmake_args': None, 'catkin_skip_building_tests': False, 'cmake_args': None, 'cmake_clean_cache': False, 'cmake_clean_first': False, 'cmake_force_configure': False, 'cmake_target': None, 'cmake_target_skip_unavailable': False, 'install_base': '/home/uchida/ros2_ws/src/install/person_msg', 'merge_install': False, 'path': '/home/uchida/ros2_ws/src/person_msg', 'symlink_install': False, 'test_result_base': None}
[0.994s] INFO:colcon.colcon_core.executor:Executing jobs using 'parallel' executor
[1.001s] DEBUG:colcon.colcon_parallel_executor.executor.parallel:run_until_complete
[1.001s] INFO:colcon.colcon_ros.task.ament_python.build:Building ROS package in '/home/uchida/ros2_ws/src/ROS2/mypkg' with build type 'ament_python'
[1.002s] Level 1:colcon.colcon_core.shell:create_environment_hook('mypkg', 'ament_prefix_path')
[1.008s] INFO:colcon.colcon_core.plugin_system:Skipping extension 'colcon_core.shell.bat': Not used on non-Windows systems
[1.008s] INFO:colcon.colcon_core.shell:Creating environment hook '/home/uchida/ros2_ws/src/install/mypkg/share/mypkg/hook/ament_prefix_path.ps1'
[1.009s] INFO:colcon.colcon_core.shell:Creating environment descriptor '/home/uchida/ros2_ws/src/install/mypkg/share/mypkg/hook/ament_prefix_path.dsv'
[1.010s] INFO:colcon.colcon_core.shell:Creating environment hook '/home/uchida/ros2_ws/src/install/mypkg/share/mypkg/hook/ament_prefix_path.sh'
[1.012s] INFO:colcon.colcon_core.shell:Skip shell extension 'powershell' for command environment: Not usable outside of PowerShell
[1.012s] DEBUG:colcon.colcon_core.shell:Skip shell extension 'dsv' for command environment
[1.018s] INFO:colcon.colcon_ros.task.ament_cmake.build:Building ROS package in '/home/uchida/ros2_ws/src/person_msg' with build type 'ament_cmake'
[1.019s] INFO:colcon.colcon_cmake.task.cmake.build:Building CMake package in '/home/uchida/ros2_ws/src/person_msg'
[1.021s] INFO:colcon.colcon_core.shell:Skip shell extension 'powershell' for command environment: Not usable outside of PowerShell
[1.022s] DEBUG:colcon.colcon_core.shell:Skip shell extension 'dsv' for command environment
[1.349s] INFO:colcon.colcon_core.task.python.build:Building Python package in '/home/uchida/ros2_ws/src/ROS2/mypkg'
[1.353s] INFO:colcon.colcon_core.shell:Skip shell extension 'powershell' for command environment: Not usable outside of PowerShell
[1.353s] DEBUG:colcon.colcon_core.shell:Skip shell extension 'dsv' for command environment
[1.367s] DEBUG:colcon.colcon_core.event_handler.log_command:Invoking command in '/home/uchida/ros2_ws/src/build/person_msg': CMAKE_PREFIX_PATH=/home/uchida/ros2_ws/install/mypkg:/opt/ros/dashing /usr/bin/cmake /home/uchida/ros2_ws/src/person_msg -DCMAKE_INSTALL_PREFIX=/home/uchida/ros2_ws/src/install/person_msg
[1.853s] DEBUG:colcon.colcon_core.event_handler.log_command:Invoking command in '/home/uchida/ros2_ws/src/ROS2/mypkg': PYTHONPATH=/home/uchida/ros2_ws/src/install/mypkg/lib/python3.6/site-packages:${PYTHONPATH} /usr/bin/python3 setup.py egg_info --egg-base ../../build/mypkg build --build-base /home/uchida/ros2_ws/src/build/mypkg/build install --prefix /home/uchida/ros2_ws/src/install/mypkg --record /home/uchida/ros2_ws/src/build/mypkg/install.log --single-version-externally-managed
[2.251s] DEBUG:colcon.colcon_core.event_handler.log_command:Invoked command in '/home/uchida/ros2_ws/src/ROS2/mypkg' returned '0': PYTHONPATH=/home/uchida/ros2_ws/src/install/mypkg/lib/python3.6/site-packages:${PYTHONPATH} /usr/bin/python3 setup.py egg_info --egg-base ../../build/mypkg build --build-base /home/uchida/ros2_ws/src/build/mypkg/build install --prefix /home/uchida/ros2_ws/src/install/mypkg --record /home/uchida/ros2_ws/src/build/mypkg/install.log --single-version-externally-managed
[2.262s] Level 1:colcon.colcon_core.environment:checking '/home/uchida/ros2_ws/src/install/mypkg' for CMake module files
[2.263s] Level 1:colcon.colcon_core.environment:checking '/home/uchida/ros2_ws/src/install/mypkg' for CMake config files
[2.266s] Level 1:colcon.colcon_core.environment:checking '/home/uchida/ros2_ws/src/install/mypkg/lib'
[2.266s] Level 1:colcon.colcon_core.environment:checking '/home/uchida/ros2_ws/src/install/mypkg/bin'
[2.266s] Level 1:colcon.colcon_core.environment:checking '/home/uchida/ros2_ws/src/install/mypkg/lib/pkgconfig/mypkg.pc'
[2.267s] Level 1:colcon.colcon_core.environment:checking '/home/uchida/ros2_ws/src/install/mypkg/lib/python3.6/site-packages'
[2.267s] Level 1:colcon.colcon_core.shell:create_environment_hook('mypkg', 'pythonpath')
[2.271s] INFO:colcon.colcon_core.shell:Creating environment hook '/home/uchida/ros2_ws/src/install/mypkg/share/mypkg/hook/pythonpath.ps1'
[2.273s] INFO:colcon.colcon_core.shell:Creating environment descriptor '/home/uchida/ros2_ws/src/install/mypkg/share/mypkg/hook/pythonpath.dsv'
[2.273s] INFO:colcon.colcon_core.shell:Creating environment hook '/home/uchida/ros2_ws/src/install/mypkg/share/mypkg/hook/pythonpath.sh'
[2.275s] Level 1:colcon.colcon_core.environment:checking '/home/uchida/ros2_ws/src/install/mypkg/bin'
[2.275s] Level 1:colcon.colcon_core.environment:create_environment_scripts_only(mypkg)
[2.279s] INFO:colcon.colcon_core.shell:Creating package script '/home/uchida/ros2_ws/src/install/mypkg/share/mypkg/package.ps1'
[2.281s] INFO:colcon.colcon_core.shell:Creating package descriptor '/home/uchida/ros2_ws/src/install/mypkg/share/mypkg/package.dsv'
[2.283s] INFO:colcon.colcon_core.shell:Creating package script '/home/uchida/ros2_ws/src/install/mypkg/share/mypkg/package.sh'
[2.285s] INFO:colcon.colcon_core.shell:Creating package script '/home/uchida/ros2_ws/src/install/mypkg/share/mypkg/package.bash'
[2.287s] INFO:colcon.colcon_core.shell:Creating package script '/home/uchida/ros2_ws/src/install/mypkg/share/mypkg/package.zsh'
[2.289s] Level 1:colcon.colcon_core.environment:create_file_with_runtime_dependencies(/home/uchida/ros2_ws/src/install/mypkg/share/colcon-core/packages/mypkg)
[7.799s] DEBUG:colcon.colcon_core.event_handler.log_command:Invoked command in '/home/uchida/ros2_ws/src/build/person_msg' returned '1': CMAKE_PREFIX_PATH=/home/uchida/ros2_ws/install/mypkg:/opt/ros/dashing /usr/bin/cmake /home/uchida/ros2_ws/src/person_msg -DCMAKE_INSTALL_PREFIX=/home/uchida/ros2_ws/src/install/person_msg
[7.821s] Level 1:colcon.colcon_core.environment:create_environment_scripts_only(person_msg)
[7.826s] Level 1:colcon.colcon_core.environment:checking '/home/uchida/ros2_ws/src/install/person_msg' for CMake module files
[7.827s] Level 1:colcon.colcon_core.environment:checking '/home/uchida/ros2_ws/src/install/person_msg' for CMake config files
[7.828s] Level 1:colcon.colcon_core.environment:checking '/home/uchida/ros2_ws/src/install/person_msg/bin'
[7.828s] Level 1:colcon.colcon_core.environment:checking '/home/uchida/ros2_ws/src/install/person_msg/lib/pkgconfig/person_msg.pc'
[7.828s] Level 1:colcon.colcon_core.environment:checking '/home/uchida/ros2_ws/src/install/person_msg/lib/python3.6/site-packages'
[7.829s] Level 1:colcon.colcon_core.environment:checking '/home/uchida/ros2_ws/src/install/person_msg/bin'
[7.831s] INFO:colcon.colcon_core.shell:Creating package script '/home/uchida/ros2_ws/src/install/person_msg/share/person_msg/package.ps1'
[7.832s] INFO:colcon.colcon_core.shell:Creating package descriptor '/home/uchida/ros2_ws/src/install/person_msg/share/person_msg/package.dsv'
[7.834s] INFO:colcon.colcon_core.shell:Creating package script '/home/uchida/ros2_ws/src/install/person_msg/share/person_msg/package.sh'
[7.835s] INFO:colcon.colcon_core.shell:Creating package script '/home/uchida/ros2_ws/src/install/person_msg/share/person_msg/package.bash'
[7.835s] INFO:colcon.colcon_core.shell:Creating package script '/home/uchida/ros2_ws/src/install/person_msg/share/person_msg/package.zsh'
[7.836s] Level 1:colcon.colcon_core.environment:create_file_with_runtime_dependencies(/home/uchida/ros2_ws/src/install/person_msg/share/colcon-core/packages/person_msg)
[7.847s] DEBUG:colcon.colcon_parallel_executor.executor.parallel:closing loop
[7.848s] DEBUG:colcon.colcon_parallel_executor.executor.parallel:loop closed
[7.848s] DEBUG:colcon.colcon_parallel_executor.executor.parallel:run_until_complete finished with '1'
[7.849s] DEBUG:colcon.colcon_core.event_reactor:joining thread
[7.959s] INFO:colcon.colcon_core.plugin_system:Skipping extension 'colcon_notification.desktop_notification.notify_send': Could not find 'notify-send'
[7.960s] INFO:colcon.colcon_core.plugin_system:Skipping extension 'colcon_notification.desktop_notification.terminal_notifier': Not used on non-Darwin systems
[7.960s] INFO:colcon.colcon_core.plugin_system:Skipping extension 'colcon_notification.desktop_notification.win32': Not used on non-Windows systems
[7.960s] INFO:colcon.colcon_notification.desktop_notification:Sending desktop notification using 'notify2'
[7.998s] DEBUG:colcon.colcon_notification.desktop_notification.notify2:Failed to initialize notify2: org.freedesktop.DBus.Error.ServiceUnknown: The name org.freedesktop.Notifications was not provided by any .service files
[7.999s] DEBUG:colcon.colcon_core.event_reactor:joined thread
[8.003s] INFO:colcon.colcon_core.shell:Creating prefix script '/home/uchida/ros2_ws/src/install/local_setup.ps1'
[8.006s] INFO:colcon.colcon_core.shell:Creating prefix util module '/home/uchida/ros2_ws/src/install/_local_setup_util_ps1.py'
[8.010s] INFO:colcon.colcon_core.shell:Creating prefix chain script '/home/uchida/ros2_ws/src/install/setup.ps1'
[8.013s] INFO:colcon.colcon_core.shell:Creating prefix script '/home/uchida/ros2_ws/src/install/local_setup.sh'
[8.014s] INFO:colcon.colcon_core.shell:Creating prefix util module '/home/uchida/ros2_ws/src/install/_local_setup_util_sh.py'
[8.015s] INFO:colcon.colcon_core.shell:Creating prefix chain script '/home/uchida/ros2_ws/src/install/setup.sh'
[8.018s] INFO:colcon.colcon_core.shell:Creating prefix script '/home/uchida/ros2_ws/src/install/local_setup.bash'
[8.020s] INFO:colcon.colcon_core.shell:Creating prefix chain script '/home/uchida/ros2_ws/src/install/setup.bash'
[8.022s] INFO:colcon.colcon_core.shell:Creating prefix script '/home/uchida/ros2_ws/src/install/local_setup.zsh'
[8.024s] INFO:colcon.colcon_core.shell:Creating prefix chain script '/home/uchida/ros2_ws/src/install/setup.zsh'
