running egg_info
creating ../../build/mypkg/mypkg.egg-info
writing ../../build/mypkg/mypkg.egg-info/PKG-INFO
writing dependency_links to ../../build/mypkg/mypkg.egg-info/dependency_links.txt
writing entry points to ../../build/mypkg/mypkg.egg-info/entry_points.txt
writing requirements to ../../build/mypkg/mypkg.egg-info/requires.txt
writing top-level names to ../../build/mypkg/mypkg.egg-info/top_level.txt
writing manifest file '../../build/mypkg/mypkg.egg-info/SOURCES.txt'
reading manifest file '../../build/mypkg/mypkg.egg-info/SOURCES.txt'
writing manifest file '../../build/mypkg/mypkg.egg-info/SOURCES.txt'
running build
running build_py
creating /home/uchida/ros2_ws/src/build/mypkg/build
creating /home/uchida/ros2_ws/src/build/mypkg/build/lib
creating /home/uchida/ros2_ws/src/build/mypkg/build/lib/mypkg
copying mypkg/talker.py -> /home/uchida/ros2_ws/src/build/mypkg/build/lib/mypkg
copying mypkg/listener.py -> /home/uchida/ros2_ws/src/build/mypkg/build/lib/mypkg
copying mypkg/__init__.py -> /home/uchida/ros2_ws/src/build/mypkg/build/lib/mypkg
running install
running install_lib
creating /home/uchida/ros2_ws/src/install/mypkg/lib/python3.6/site-packages/mypkg
copying /home/uchida/ros2_ws/src/build/mypkg/build/lib/mypkg/talker.py -> /home/uchida/ros2_ws/src/install/mypkg/lib/python3.6/site-packages/mypkg
copying /home/uchida/ros2_ws/src/build/mypkg/build/lib/mypkg/listener.py -> /home/uchida/ros2_ws/src/install/mypkg/lib/python3.6/site-packages/mypkg
copying /home/uchida/ros2_ws/src/build/mypkg/build/lib/mypkg/__init__.py -> /home/uchida/ros2_ws/src/install/mypkg/lib/python3.6/site-packages/mypkg
byte-compiling /home/uchida/ros2_ws/src/install/mypkg/lib/python3.6/site-packages/mypkg/talker.py to talker.cpython-36.pyc
byte-compiling /home/uchida/ros2_ws/src/install/mypkg/lib/python3.6/site-packages/mypkg/listener.py to listener.cpython-36.pyc
byte-compiling /home/uchida/ros2_ws/src/install/mypkg/lib/python3.6/site-packages/mypkg/__init__.py to __init__.cpython-36.pyc
running install_data
creating /home/uchida/ros2_ws/src/install/mypkg/share/ament_index
creating /home/uchida/ros2_ws/src/install/mypkg/share/ament_index/resource_index
creating /home/uchida/ros2_ws/src/install/mypkg/share/ament_index/resource_index/packages
copying resource/mypkg -> /home/uchida/ros2_ws/src/install/mypkg/share/ament_index/resource_index/packages
copying package.xml -> /home/uchida/ros2_ws/src/install/mypkg/share/mypkg
running install_egg_info
Copying ../../build/mypkg/mypkg.egg-info to /home/uchida/ros2_ws/src/install/mypkg/lib/python3.6/site-packages/mypkg-0.0.0-py3.6.egg-info
running install_scripts
Installing listener script to /home/uchida/ros2_ws/src/install/mypkg/lib/mypkg
Installing talker script to /home/uchida/ros2_ws/src/install/mypkg/lib/mypkg
writing list of installed files to '/home/uchida/ros2_ws/src/build/mypkg/install.log'
