[1.186s] Invoking command in '/home/uchida/ros2_ws/src/ROS2/mypkg': PYTHONPATH=/home/uchida/ros2_ws/src/install/mypkg/lib/python3.6/site-packages:${PYTHONPATH} /usr/bin/python3 setup.py egg_info --egg-base ../../build/mypkg build --build-base /home/uchida/ros2_ws/src/build/mypkg/build install --prefix /home/uchida/ros2_ws/src/install/mypkg --record /home/uchida/ros2_ws/src/build/mypkg/install.log --single-version-externally-managed
[1.496s] running egg_info
[1.496s] creating ../../build/mypkg/mypkg.egg-info
[1.497s] writing ../../build/mypkg/mypkg.egg-info/PKG-INFO
[1.498s] writing dependency_links to ../../build/mypkg/mypkg.egg-info/dependency_links.txt
[1.498s] writing entry points to ../../build/mypkg/mypkg.egg-info/entry_points.txt
[1.498s] writing requirements to ../../build/mypkg/mypkg.egg-info/requires.txt
[1.498s] writing top-level names to ../../build/mypkg/mypkg.egg-info/top_level.txt
[1.498s] writing manifest file '../../build/mypkg/mypkg.egg-info/SOURCES.txt'
[1.573s] reading manifest file '../../build/mypkg/mypkg.egg-info/SOURCES.txt'
[1.577s] writing manifest file '../../build/mypkg/mypkg.egg-info/SOURCES.txt'
[1.578s] running build
[1.578s] running build_py
[1.579s] creating /home/uchida/ros2_ws/src/build/mypkg/build
[1.579s] creating /home/uchida/ros2_ws/src/build/mypkg/build/lib
[1.580s] creating /home/uchida/ros2_ws/src/build/mypkg/build/lib/mypkg
[1.581s] copying mypkg/talker.py -> /home/uchida/ros2_ws/src/build/mypkg/build/lib/mypkg
[1.582s] copying mypkg/listener.py -> /home/uchida/ros2_ws/src/build/mypkg/build/lib/mypkg
[1.582s] copying mypkg/__init__.py -> /home/uchida/ros2_ws/src/build/mypkg/build/lib/mypkg
[1.583s] running install
[1.584s] running install_lib
[1.588s] creating /home/uchida/ros2_ws/src/install/mypkg/lib/python3.6/site-packages/mypkg
[1.589s] copying /home/uchida/ros2_ws/src/build/mypkg/build/lib/mypkg/talker.py -> /home/uchida/ros2_ws/src/install/mypkg/lib/python3.6/site-packages/mypkg
[1.590s] copying /home/uchida/ros2_ws/src/build/mypkg/build/lib/mypkg/listener.py -> /home/uchida/ros2_ws/src/install/mypkg/lib/python3.6/site-packages/mypkg
[1.591s] copying /home/uchida/ros2_ws/src/build/mypkg/build/lib/mypkg/__init__.py -> /home/uchida/ros2_ws/src/install/mypkg/lib/python3.6/site-packages/mypkg
[1.591s] byte-compiling /home/uchida/ros2_ws/src/install/mypkg/lib/python3.6/site-packages/mypkg/talker.py to talker.cpython-36.pyc
[1.592s] byte-compiling /home/uchida/ros2_ws/src/install/mypkg/lib/python3.6/site-packages/mypkg/listener.py to listener.cpython-36.pyc
[1.593s] byte-compiling /home/uchida/ros2_ws/src/install/mypkg/lib/python3.6/site-packages/mypkg/__init__.py to __init__.cpython-36.pyc
[1.594s] running install_data
[1.595s] creating /home/uchida/ros2_ws/src/install/mypkg/share/ament_index
[1.595s] creating /home/uchida/ros2_ws/src/install/mypkg/share/ament_index/resource_index
[1.596s] creating /home/uchida/ros2_ws/src/install/mypkg/share/ament_index/resource_index/packages
[1.596s] copying resource/mypkg -> /home/uchida/ros2_ws/src/install/mypkg/share/ament_index/resource_index/packages
[1.598s] copying package.xml -> /home/uchida/ros2_ws/src/install/mypkg/share/mypkg
[1.598s] running install_egg_info
[1.601s] Copying ../../build/mypkg/mypkg.egg-info to /home/uchida/ros2_ws/src/install/mypkg/lib/python3.6/site-packages/mypkg-0.0.0-py3.6.egg-info
[1.603s] running install_scripts
[1.657s] Installing listener script to /home/uchida/ros2_ws/src/install/mypkg/lib/mypkg
[1.658s] Installing talker script to /home/uchida/ros2_ws/src/install/mypkg/lib/mypkg
[1.659s] writing list of installed files to '/home/uchida/ros2_ws/src/build/mypkg/install.log'
[1.716s] Invoked command in '/home/uchida/ros2_ws/src/ROS2/mypkg' returned '0': PYTHONPATH=/home/uchida/ros2_ws/src/install/mypkg/lib/python3.6/site-packages:${PYTHONPATH} /usr/bin/python3 setup.py egg_info --egg-base ../../build/mypkg build --build-base /home/uchida/ros2_ws/src/build/mypkg/build install --prefix /home/uchida/ros2_ws/src/install/mypkg --record /home/uchida/ros2_ws/src/build/mypkg/install.log --single-version-externally-managed
